[  8%] Built target gmock
[ 13%] Built target gmock_main
[ 41%] Built target rosbag2_cpp
[35m[1mScanning dependencies of target converter_test_plugins[0m
[35m[1mScanning dependencies of target test_sequential_reader[0m
[35m[1mScanning dependencies of target test_converter_factory[0m
[35m[1mScanning dependencies of target test_typesupport_helpers[0m
[35m[1mScanning dependencies of target test_sequential_writer[0m
[35m[1mScanning dependencies of target test_storage_without_metadata_file[0m
[35m[1mScanning dependencies of target test_info[0m
[ 44%] [32mBuilding CXX object CMakeFiles/converter_test_plugins.dir/test/rosbag2_cpp/serializer_test_plugin.cpp.o[0m
[ 47%] [32m[1mLinking CXX executable test_ros2_message[0m
[ 50%] [32mBuilding CXX object CMakeFiles/test_converter_factory.dir/test/rosbag2_cpp/test_converter_factory.cpp.o[0m
[ 52%] [32mBuilding CXX object CMakeFiles/test_typesupport_helpers.dir/test/rosbag2_cpp/test_typesupport_helpers.cpp.o[0m
[ 55%] [32mBuilding CXX object CMakeFiles/test_sequential_reader.dir/test/rosbag2_cpp/test_sequential_reader.cpp.o[0m
[ 58%] [32mBuilding CXX object CMakeFiles/test_sequential_writer.dir/test/rosbag2_cpp/test_sequential_writer.cpp.o[0m
[ 61%] [32mBuilding CXX object CMakeFiles/test_info.dir/test/rosbag2_cpp/test_info.cpp.o[0m
[ 63%] [32mBuilding CXX object CMakeFiles/test_storage_without_metadata_file.dir/test/rosbag2_cpp/test_storage_without_metadata_file.cpp.o[0m
/usr/bin/ld: /opt/ros/foxy/lib/libtest_msgs__rosidl_generator_c.so: undefined reference to `rosidl_runtime_c__uint32__Sequence__copy'
/usr/bin/ld: /opt/ros/foxy/lib/libtest_msgs__rosidl_generator_c.so: undefined reference to `rosidl_runtime_c__U16String__Sequence__copy'
/usr/bin/ld: /opt/ros/foxy/lib/libtest_msgs__rosidl_generator_c.so: undefined reference to `rosidl_runtime_c__octet__Sequence__copy'
/usr/bin/ld: /opt/ros/foxy/lib/libtest_msgs__rosidl_generator_c.so: undefined reference to `rosidl_runtime_c__uint64__Sequence__copy'
/usr/bin/ld: /opt/ros/foxy/lib/libtest_msgs__rosidl_generator_c.so: undefined reference to `builtin_interfaces__msg__Duration__copy'
/usr/bin/ld: /opt/ros/foxy/lib/libtest_msgs__rosidl_generator_c.so: undefined reference to `builtin_interfaces__msg__Time__are_equal'
/usr/bin/ld: /opt/ros/foxy/lib/libtest_msgs__rosidl_generator_c.so: undefined reference to `rosidl_runtime_c__uint8__Sequence__are_equal'
/usr/bin/ld: /opt/ros/foxy/lib/libtest_msgs__rosidl_generator_c.so: undefined reference to `rosidl_runtime_c__boolean__Sequence__are_equal'
/usr/bin/ld: /opt/ros/foxy/lib/libtest_msgs__rosidl_generator_c.so: undefined reference to `rosidl_runtime_c__int64__Sequence__copy'
/usr/bin/ld: /opt/ros/foxy/lib/libtest_msgs__rosidl_generator_c.so: undefined reference to `unique_identifier_msgs__msg__UUID__are_equal'
/usr/bin/ld: /opt/ros/foxy/lib/libtest_msgs__rosidl_generator_c.so: undefined reference to `unique_identifier_msgs__msg__UUID__copy'
/usr/bin/ld: /opt/ros/foxy/lib/libtest_msgs__rosidl_generator_c.so: undefined reference to `rosidl_runtime_c__float__Sequence__copy'
/usr/bin/ld: /opt/ros/foxy/lib/libtest_msgs__rosidl_generator_c.so: undefined reference to `rosidl_runtime_c__String__are_equal'
/usr/bin/ld: /opt/ros/foxy/lib/libtest_msgs__rosidl_generator_c.so: undefined reference to `rosidl_runtime_c__double__Sequence__are_equal'
/usr/bin/ld: /opt/ros/foxy/lib/libtest_msgs__rosidl_generator_c.so: undefined reference to `rosidl_runtime_c__String__Sequence__are_equal'
/usr/bin/ld: /opt/ros/foxy/lib/libtest_msgs__rosidl_generator_c.so: undefined reference to `builtin_interfaces__msg__Duration__are_equal'
/usr/bin/ld: /opt/ros/foxy/lib/libtest_msgs__rosidl_generator_c.so: undefined reference to `rosidl_runtime_c__int8__Sequence__are_equal'
/usr/bin/ld: /opt/ros/foxy/lib/libtest_msgs__rosidl_generator_c.so: undefined reference to `rosidl_runtime_c__int16__Sequence__are_equal'
/usr/bin/ld: /opt/ros/foxy/lib/libtest_msgs__rosidl_generator_c.so: undefined reference to `rosidl_runtime_c__uint16__Sequence__copy'
/usr/bin/ld: /opt/ros/foxy/lib/libtest_msgs__rosidl_generator_c.so: undefined reference to `rosidl_runtime_c__int8__Sequence__copy'
/usr/bin/ld: /opt/ros/foxy/lib/libtest_msgs__rosidl_generator_c.so: undefined reference to `rosidl_runtime_c__String__Sequence__copy'
/usr/bin/ld: /opt/ros/foxy/lib/libtest_msgs__rosidl_generator_c.so: undefined reference to `rosidl_runtime_c__float__Sequence__are_equal'
/usr/bin/ld: /opt/ros/foxy/lib/libtest_msgs__rosidl_generator_c.so: undefined reference to `rosidl_runtime_c__uint32__Sequence__are_equal'
/usr/bin/ld: /opt/ros/foxy/lib/libtest_msgs__rosidl_generator_c.so: undefined reference to `rosidl_runtime_c__uint16__Sequence__are_equal'
/usr/bin/ld: /opt/ros/foxy/lib/libtest_msgs__rosidl_generator_c.so: undefined reference to `rosidl_runtime_c__uint64__Sequence__are_equal'
/usr/bin/ld: /opt/ros/foxy/lib/libtest_msgs__rosidl_generator_c.so: undefined reference to `rosidl_runtime_c__boolean__Sequence__copy'
/usr/bin/ld: /opt/ros/foxy/lib/libtest_msgs__rosidl_generator_c.so: undefined reference to `rosidl_runtime_c__int16__Sequence__copy'
/usr/bin/ld: /opt/ros/foxy/lib/libtest_msgs__rosidl_generator_c.so: undefined reference to `rosidl_runtime_c__octet__Sequence__are_equal'
/usr/bin/ld: /opt/ros/foxy/lib/libtest_msgs__rosidl_generator_c.so: undefined reference to `rosidl_runtime_c__int64__Sequence__are_equal'
/usr/bin/ld: /opt/ros/foxy/lib/libtest_msgs__rosidl_generator_c.so: undefined reference to `rosidl_runtime_c__int32__Sequence__are_equal'
/usr/bin/ld: /opt/ros/foxy/lib/libtest_msgs__rosidl_generator_c.so: undefined reference to `rosidl_runtime_c__String__copy'
/usr/bin/ld: /opt/ros/foxy/lib/libtest_msgs__rosidl_generator_c.so: undefined reference to `rosidl_runtime_c__uint8__Sequence__copy'
/usr/bin/ld: /opt/ros/foxy/lib/libtest_msgs__rosidl_generator_c.so: undefined reference to `rosidl_runtime_c__int32__Sequence__copy'
/usr/bin/ld: /opt/ros/foxy/lib/libtest_msgs__rosidl_generator_c.so: undefined reference to `rosidl_runtime_c__U16String__Sequence__are_equal'
/usr/bin/ld: /opt/ros/foxy/lib/libtest_msgs__rosidl_generator_c.so: undefined reference to `builtin_interfaces__msg__Time__copy'
/usr/bin/ld: /opt/ros/foxy/lib/libtest_msgs__rosidl_generator_c.so: undefined reference to `rosidl_runtime_c__double__Sequence__copy'
/usr/bin/ld: /opt/ros/foxy/lib/libtest_msgs__rosidl_generator_c.so: undefined reference to `rosidl_runtime_c__U16String__copy'
/usr/bin/ld: /opt/ros/foxy/lib/libtest_msgs__rosidl_generator_c.so: undefined reference to `rosidl_runtime_c__U16String__are_equal'
collect2: error: ld returned 1 exit status
make[2]: *** [CMakeFiles/test_ros2_message.dir/build.make:149: test_ros2_message] Error 1
make[1]: *** [CMakeFiles/Makefile2:281: CMakeFiles/test_ros2_message.dir/all] Error 2
make[1]: *** Waiting for unfinished jobs....
[ 66%] [32mBuilding CXX object CMakeFiles/converter_test_plugins.dir/test/rosbag2_cpp/converter_test_plugin.cpp.o[0m
[ 69%] [32m[1mLinking CXX executable test_converter_factory[0m
[ 72%] [32m[1mLinking CXX shared library libconverter_test_plugins.so[0m
[ 72%] Built target converter_test_plugins
[ 72%] Built target test_converter_factory
[ 75%] [32m[1mLinking CXX executable test_typesupport_helpers[0m
[ 75%] Built target test_typesupport_helpers
[ 77%] [32m[1mLinking CXX executable test_info[0m
[ 77%] Built target test_info
[ 80%] [32m[1mLinking CXX executable test_storage_without_metadata_file[0m
[ 80%] Built target test_storage_without_metadata_file
[ 83%] [32m[1mLinking CXX executable test_sequential_reader[0m
[ 86%] [32m[1mLinking CXX executable test_sequential_writer[0m
[ 86%] Built target test_sequential_reader
[ 86%] Built target test_sequential_writer
make: *** [Makefile:141: all] Error 2
