[0.022s] Invoking command in '/home/administrator/husky_ws2/src/build/rosbag2_cpp': AMENT_PREFIX_PATH=/home/administrator/husky_ws2/src/install/rosbag2_storage:/home/administrator/husky_ws2/src/install/shared_queues_vendor:/home/administrator/husky_ws2/src/install/rosbag2_test_common:${AMENT_PREFIX_PATH} CMAKE_PREFIX_PATH=/home/administrator/husky_ws2/src/install/rosbag2_storage:/home/administrator/husky_ws2/src/install/shared_queues_vendor:/home/administrator/husky_ws2/src/install/rosbag2_test_common:/home/administrator/husky_ws2/install/zed_ros2:/home/administrator/husky_ws2/install/zed_display_rviz2:/home/administrator/husky_ws2/install/zed_wrapper:/home/administrator/husky_ws2/install/zed_tutorial_video:/home/administrator/husky_ws2/install/zed_tutorial_pos_tracking:/home/administrator/husky_ws2/install/zed_tutorial_depth:/home/administrator/husky_ws2/install/zed_rgb_convert:/home/administrator/husky_ws2/install/zed_components:/home/administrator/husky_ws2/install/rviz_plugin_zed_od:/home/administrator/husky_ws2/install/zed_interfaces:/home/administrator/husky_ws2/install/velodyne_simulator:/home/administrator/husky_ws2/install/velodyne_gazebo_plugins:/home/administrator/husky_ws2/install/husky_desktop:/home/administrator/husky_ws2/install/husky_viz:/home/administrator/husky_ws2/install/husky_simulator:/home/administrator/husky_ws2/install/husky_robot:/home/administrator/husky_ws2/install/husky_gazebo:/home/administrator/husky_ws2/install/husky_bringup:/home/administrator/husky_ws2/install/husky_control:/home/administrator/husky_ws2/install/husky_description:/home/administrator/husky_ws2/install/velodyne_description:/home/administrator/husky_ws2/install/um7:/home/administrator/husky_ws2/install/swri_route_util:/home/administrator/husky_ws2/install/swri_transform_util:/home/administrator/husky_ws2/install/swri_system_util:/home/administrator/husky_ws2/install/swri_serial_util:/home/administrator/husky_ws2/install/swri_image_util:/home/administrator/husky_ws2/install/swri_roscpp:/home/administrator/husky_ws2/install/swri_prefix_tools:/home/administrator/husky_ws2/install/swri_opencv_util:/home/administrator/husky_ws2/install/swri_math_util:/home/administrator/husky_ws2/install/swri_geometry_util:/home/administrator/husky_ws2/install/swri_dbw_interface:/home/administrator/husky_ws2/install/swri_console_util:/home/administrator/husky_ws2/install/nav2_system_tests:/home/administrator/husky_ws2/install/nav2_bringup:/home/administrator/husky_ws2/install/navigation2:/home/administrator/husky_ws2/install/smac_planner:/home/administrator/husky_ws2/install/pointcloud_to_laserscan:/home/administrator/husky_ws2/install/nav2_dwb_controller:/home/administrator/husky_ws2/install/nav2_controller:/home/administrator/husky_ws2/install/dwb_plugins:/home/administrator/husky_ws2/install/dwb_critics:/home/administrator/husky_ws2/install/dwb_core:/home/administrator/husky_ws2/install/nav_2d_utils:/home/administrator/husky_ws2/install/dwb_msgs:/home/administrator/husky_ws2/install/nav_2d_msgs:/home/administrator/husky_ws2/install/nav2_waypoint_follower:/home/administrator/husky_ws2/install/nav2_regulated_pure_pursuit_controller:/home/administrator/husky_ws2/install/nav2_recoveries:/home/administrator/husky_ws2/install/nav2_planner:/home/administrator/husky_ws2/install/nav2_navfn_planner:/home/administrator/husky_ws2/install/nav2_core:/home/administrator/husky_ws2/install/costmap_queue:/home/administrator/husky_ws2/install/nav2_costmap_2d:/home/administrator/husky_ws2/install/nav2_voxel_grid:/home/administrator/husky_ws2/install/nav2_rviz_plugins:/home/administrator/husky_ws2/install/nav2_map_server:/home/administrator/husky_ws2/install/nav2_lifecycle_manager:/home/administrator/husky_ws2/install/nav2_bt_navigator:/home/administrator/husky_ws2/install/nav2_behavior_tree:/home/administrator/husky_ws2/install/nav2_amcl:/home/administrator/husky_ws2/install/nav2_util:/home/administrator/husky_ws2/install/nav2_msgs:/home/administrator/husky_ws2/install/nav2_common:/home/administrator/husky_ws2/install/microstrain_inertial_examples:/home/administrator/husky_ws2/install/microstrain_inertial_driver:/home/administrator/husky_ws2/install/microstrain_inertial_msgs:/home/administrator/husky_ws2/install/local_nav_pkg:/home/administrator/husky_ws2/install/image_common:/home/administrator/husky_ws2/install/image_transport:/home/administrator/husky_ws2/install/husky_base:/home/administrator/husky_ws2/install/husky_msgs:/home/administrator/husky_ws2/install/hector_gazebo:/home/administrator/husky_ws2/install/hector_gazebo_worlds:/home/administrator/husky_ws2/install/hector_gazebo_plugins:/home/administrator/husky_ws2/install/custom_nav_stack_pkg:/home/administrator/husky_ws2/install/camera_info_manager:/home/administrator/husky_ws2/install/camera_calibration_parsers:/home/administrator/richo_theta_ws/install/penguin_detection:/home/administrator/husky_ws2/install/nav2_gazebo_spawner:/home/administrator/husky_ws2/install/microstrain_inertial_rqt:/home/administrator/husky_ws2/install/gps_goal:/opt/ros/foxy:/opt/ros/noetic LD_LIBRARY_PATH=/home/administrator/husky_ws2/src/install/rosbag2_storage/lib:${LD_LIBRARY_PATH} /usr/bin/cmake --build /home/administrator/husky_ws2/src/build/rosbag2_cpp -- -j8 -l8
[0.080s] [  8%] Built target gmock
[0.084s] [ 13%] Built target gmock_main
[0.090s] [ 41%] Built target rosbag2_cpp
[0.108s] [35m[1mScanning dependencies of target converter_test_plugins[0m
[0.108s] [35m[1mScanning dependencies of target test_sequential_reader[0m
[0.108s] [35m[1mScanning dependencies of target test_converter_factory[0m
[0.111s] [35m[1mScanning dependencies of target test_typesupport_helpers[0m
[0.112s] [35m[1mScanning dependencies of target test_sequential_writer[0m
[0.115s] [35m[1mScanning dependencies of target test_storage_without_metadata_file[0m
[0.126s] [35m[1mScanning dependencies of target test_info[0m
[0.133s] [ 44%] [32mBuilding CXX object CMakeFiles/converter_test_plugins.dir/test/rosbag2_cpp/serializer_test_plugin.cpp.o[0m
[0.136s] [ 47%] [32m[1mLinking CXX executable test_ros2_message[0m
[0.137s] [ 50%] [32mBuilding CXX object CMakeFiles/test_converter_factory.dir/test/rosbag2_cpp/test_converter_factory.cpp.o[0m
[0.152s] [ 52%] [32mBuilding CXX object CMakeFiles/test_typesupport_helpers.dir/test/rosbag2_cpp/test_typesupport_helpers.cpp.o[0m
[0.155s] [ 55%] [32mBuilding CXX object CMakeFiles/test_sequential_reader.dir/test/rosbag2_cpp/test_sequential_reader.cpp.o[0m
[0.162s] [ 58%] [32mBuilding CXX object CMakeFiles/test_sequential_writer.dir/test/rosbag2_cpp/test_sequential_writer.cpp.o[0m
[0.174s] [ 61%] [32mBuilding CXX object CMakeFiles/test_info.dir/test/rosbag2_cpp/test_info.cpp.o[0m
[0.181s] [ 63%] [32mBuilding CXX object CMakeFiles/test_storage_without_metadata_file.dir/test/rosbag2_cpp/test_storage_without_metadata_file.cpp.o[0m
[0.458s] /usr/bin/ld: /opt/ros/foxy/lib/libtest_msgs__rosidl_generator_c.so: undefined reference to `rosidl_runtime_c__uint32__Sequence__copy'
[0.458s] /usr/bin/ld: /opt/ros/foxy/lib/libtest_msgs__rosidl_generator_c.so: undefined reference to `rosidl_runtime_c__U16String__Sequence__copy'
[0.458s] /usr/bin/ld: /opt/ros/foxy/lib/libtest_msgs__rosidl_generator_c.so: undefined reference to `rosidl_runtime_c__octet__Sequence__copy'
[0.458s] /usr/bin/ld: /opt/ros/foxy/lib/libtest_msgs__rosidl_generator_c.so: undefined reference to `rosidl_runtime_c__uint64__Sequence__copy'
[0.458s] /usr/bin/ld: /opt/ros/foxy/lib/libtest_msgs__rosidl_generator_c.so: undefined reference to `builtin_interfaces__msg__Duration__copy'
[0.458s] /usr/bin/ld: /opt/ros/foxy/lib/libtest_msgs__rosidl_generator_c.so: undefined reference to `builtin_interfaces__msg__Time__are_equal'
[0.458s] /usr/bin/ld: /opt/ros/foxy/lib/libtest_msgs__rosidl_generator_c.so: undefined reference to `rosidl_runtime_c__uint8__Sequence__are_equal'
[0.459s] /usr/bin/ld: /opt/ros/foxy/lib/libtest_msgs__rosidl_generator_c.so: undefined reference to `rosidl_runtime_c__boolean__Sequence__are_equal'
[0.459s] /usr/bin/ld: /opt/ros/foxy/lib/libtest_msgs__rosidl_generator_c.so: undefined reference to `rosidl_runtime_c__int64__Sequence__copy'
[0.459s] /usr/bin/ld: /opt/ros/foxy/lib/libtest_msgs__rosidl_generator_c.so: undefined reference to `unique_identifier_msgs__msg__UUID__are_equal'
[0.459s] /usr/bin/ld: /opt/ros/foxy/lib/libtest_msgs__rosidl_generator_c.so: undefined reference to `unique_identifier_msgs__msg__UUID__copy'
[0.459s] /usr/bin/ld: /opt/ros/foxy/lib/libtest_msgs__rosidl_generator_c.so: undefined reference to `rosidl_runtime_c__float__Sequence__copy'
[0.459s] /usr/bin/ld: /opt/ros/foxy/lib/libtest_msgs__rosidl_generator_c.so: undefined reference to `rosidl_runtime_c__String__are_equal'
[0.459s] /usr/bin/ld: /opt/ros/foxy/lib/libtest_msgs__rosidl_generator_c.so: undefined reference to `rosidl_runtime_c__double__Sequence__are_equal'
[0.459s] /usr/bin/ld: /opt/ros/foxy/lib/libtest_msgs__rosidl_generator_c.so: undefined reference to `rosidl_runtime_c__String__Sequence__are_equal'
[0.459s] /usr/bin/ld: /opt/ros/foxy/lib/libtest_msgs__rosidl_generator_c.so: undefined reference to `builtin_interfaces__msg__Duration__are_equal'
[0.459s] /usr/bin/ld: /opt/ros/foxy/lib/libtest_msgs__rosidl_generator_c.so: undefined reference to `rosidl_runtime_c__int8__Sequence__are_equal'
[0.459s] /usr/bin/ld: /opt/ros/foxy/lib/libtest_msgs__rosidl_generator_c.so: undefined reference to `rosidl_runtime_c__int16__Sequence__are_equal'
[0.459s] /usr/bin/ld: /opt/ros/foxy/lib/libtest_msgs__rosidl_generator_c.so: undefined reference to `rosidl_runtime_c__uint16__Sequence__copy'
[0.459s] /usr/bin/ld: /opt/ros/foxy/lib/libtest_msgs__rosidl_generator_c.so: undefined reference to `rosidl_runtime_c__int8__Sequence__copy'
[0.460s] /usr/bin/ld: /opt/ros/foxy/lib/libtest_msgs__rosidl_generator_c.so: undefined reference to `rosidl_runtime_c__String__Sequence__copy'
[0.460s] /usr/bin/ld: /opt/ros/foxy/lib/libtest_msgs__rosidl_generator_c.so: undefined reference to `rosidl_runtime_c__float__Sequence__are_equal'
[0.460s] /usr/bin/ld: /opt/ros/foxy/lib/libtest_msgs__rosidl_generator_c.so: undefined reference to `rosidl_runtime_c__uint32__Sequence__are_equal'
[0.460s] /usr/bin/ld: /opt/ros/foxy/lib/libtest_msgs__rosidl_generator_c.so: undefined reference to `rosidl_runtime_c__uint16__Sequence__are_equal'
[0.460s] /usr/bin/ld: /opt/ros/foxy/lib/libtest_msgs__rosidl_generator_c.so: undefined reference to `rosidl_runtime_c__uint64__Sequence__are_equal'
[0.460s] /usr/bin/ld: /opt/ros/foxy/lib/libtest_msgs__rosidl_generator_c.so: undefined reference to `rosidl_runtime_c__boolean__Sequence__copy'
[0.460s] /usr/bin/ld: /opt/ros/foxy/lib/libtest_msgs__rosidl_generator_c.so: undefined reference to `rosidl_runtime_c__int16__Sequence__copy'
[0.460s] /usr/bin/ld: /opt/ros/foxy/lib/libtest_msgs__rosidl_generator_c.so: undefined reference to `rosidl_runtime_c__octet__Sequence__are_equal'
[0.460s] /usr/bin/ld: /opt/ros/foxy/lib/libtest_msgs__rosidl_generator_c.so: undefined reference to `rosidl_runtime_c__int64__Sequence__are_equal'
[0.460s] /usr/bin/ld: /opt/ros/foxy/lib/libtest_msgs__rosidl_generator_c.so: undefined reference to `rosidl_runtime_c__int32__Sequence__are_equal'
[0.460s] /usr/bin/ld: /opt/ros/foxy/lib/libtest_msgs__rosidl_generator_c.so: undefined reference to `rosidl_runtime_c__String__copy'
[0.460s] /usr/bin/ld: /opt/ros/foxy/lib/libtest_msgs__rosidl_generator_c.so: undefined reference to `rosidl_runtime_c__uint8__Sequence__copy'
[0.460s] /usr/bin/ld: /opt/ros/foxy/lib/libtest_msgs__rosidl_generator_c.so: undefined reference to `rosidl_runtime_c__int32__Sequence__copy'
[0.460s] /usr/bin/ld: /opt/ros/foxy/lib/libtest_msgs__rosidl_generator_c.so: undefined reference to `rosidl_runtime_c__U16String__Sequence__are_equal'
[0.460s] /usr/bin/ld: /opt/ros/foxy/lib/libtest_msgs__rosidl_generator_c.so: undefined reference to `builtin_interfaces__msg__Time__copy'
[0.460s] /usr/bin/ld: /opt/ros/foxy/lib/libtest_msgs__rosidl_generator_c.so: undefined reference to `rosidl_runtime_c__double__Sequence__copy'
[0.460s] /usr/bin/ld: /opt/ros/foxy/lib/libtest_msgs__rosidl_generator_c.so: undefined reference to `rosidl_runtime_c__U16String__copy'
[0.460s] /usr/bin/ld: /opt/ros/foxy/lib/libtest_msgs__rosidl_generator_c.so: undefined reference to `rosidl_runtime_c__U16String__are_equal'
[0.460s] collect2: error: ld returned 1 exit status
[0.462s] make[2]: *** [CMakeFiles/test_ros2_message.dir/build.make:149: test_ros2_message] Error 1
[0.462s] make[1]: *** [CMakeFiles/Makefile2:281: CMakeFiles/test_ros2_message.dir/all] Error 2
[0.462s] make[1]: *** Waiting for unfinished jobs....
[0.524s] [ 66%] [32mBuilding CXX object CMakeFiles/converter_test_plugins.dir/test/rosbag2_cpp/converter_test_plugin.cpp.o[0m
[1.101s] [ 69%] [32m[1mLinking CXX executable test_converter_factory[0m
[1.116s] [ 72%] [32m[1mLinking CXX shared library libconverter_test_plugins.so[0m
[1.303s] [ 72%] Built target converter_test_plugins
[1.350s] [ 72%] Built target test_converter_factory
[1.389s] [ 75%] [32m[1mLinking CXX executable test_typesupport_helpers[0m
[1.556s] [ 75%] Built target test_typesupport_helpers
[1.960s] [ 77%] [32m[1mLinking CXX executable test_info[0m
[2.246s] [ 77%] Built target test_info
[3.809s] [ 80%] [32m[1mLinking CXX executable test_storage_without_metadata_file[0m
[4.053s] [ 80%] Built target test_storage_without_metadata_file
[4.523s] [ 83%] [32m[1mLinking CXX executable test_sequential_reader[0m
[4.743s] [ 86%] [32m[1mLinking CXX executable test_sequential_writer[0m
[4.770s] [ 86%] Built target test_sequential_reader
[4.970s] [ 86%] Built target test_sequential_writer
[4.971s] make: *** [Makefile:141: all] Error 2
[4.972s] Invoked command in '/home/administrator/husky_ws2/src/build/rosbag2_cpp' returned '2': AMENT_PREFIX_PATH=/home/administrator/husky_ws2/src/install/rosbag2_storage:/home/administrator/husky_ws2/src/install/shared_queues_vendor:/home/administrator/husky_ws2/src/install/rosbag2_test_common:${AMENT_PREFIX_PATH} CMAKE_PREFIX_PATH=/home/administrator/husky_ws2/src/install/rosbag2_storage:/home/administrator/husky_ws2/src/install/shared_queues_vendor:/home/administrator/husky_ws2/src/install/rosbag2_test_common:/home/administrator/husky_ws2/install/zed_ros2:/home/administrator/husky_ws2/install/zed_display_rviz2:/home/administrator/husky_ws2/install/zed_wrapper:/home/administrator/husky_ws2/install/zed_tutorial_video:/home/administrator/husky_ws2/install/zed_tutorial_pos_tracking:/home/administrator/husky_ws2/install/zed_tutorial_depth:/home/administrator/husky_ws2/install/zed_rgb_convert:/home/administrator/husky_ws2/install/zed_components:/home/administrator/husky_ws2/install/rviz_plugin_zed_od:/home/administrator/husky_ws2/install/zed_interfaces:/home/administrator/husky_ws2/install/velodyne_simulator:/home/administrator/husky_ws2/install/velodyne_gazebo_plugins:/home/administrator/husky_ws2/install/husky_desktop:/home/administrator/husky_ws2/install/husky_viz:/home/administrator/husky_ws2/install/husky_simulator:/home/administrator/husky_ws2/install/husky_robot:/home/administrator/husky_ws2/install/husky_gazebo:/home/administrator/husky_ws2/install/husky_bringup:/home/administrator/husky_ws2/install/husky_control:/home/administrator/husky_ws2/install/husky_description:/home/administrator/husky_ws2/install/velodyne_description:/home/administrator/husky_ws2/install/um7:/home/administrator/husky_ws2/install/swri_route_util:/home/administrator/husky_ws2/install/swri_transform_util:/home/administrator/husky_ws2/install/swri_system_util:/home/administrator/husky_ws2/install/swri_serial_util:/home/administrator/husky_ws2/install/swri_image_util:/home/administrator/husky_ws2/install/swri_roscpp:/home/administrator/husky_ws2/install/swri_prefix_tools:/home/administrator/husky_ws2/install/swri_opencv_util:/home/administrator/husky_ws2/install/swri_math_util:/home/administrator/husky_ws2/install/swri_geometry_util:/home/administrator/husky_ws2/install/swri_dbw_interface:/home/administrator/husky_ws2/install/swri_console_util:/home/administrator/husky_ws2/install/nav2_system_tests:/home/administrator/husky_ws2/install/nav2_bringup:/home/administrator/husky_ws2/install/navigation2:/home/administrator/husky_ws2/install/smac_planner:/home/administrator/husky_ws2/install/pointcloud_to_laserscan:/home/administrator/husky_ws2/install/nav2_dwb_controller:/home/administrator/husky_ws2/install/nav2_controller:/home/administrator/husky_ws2/install/dwb_plugins:/home/administrator/husky_ws2/install/dwb_critics:/home/administrator/husky_ws2/install/dwb_core:/home/administrator/husky_ws2/install/nav_2d_utils:/home/administrator/husky_ws2/install/dwb_msgs:/home/administrator/husky_ws2/install/nav_2d_msgs:/home/administrator/husky_ws2/install/nav2_waypoint_follower:/home/administrator/husky_ws2/install/nav2_regulated_pure_pursuit_controller:/home/administrator/husky_ws2/install/nav2_recoveries:/home/administrator/husky_ws2/install/nav2_planner:/home/administrator/husky_ws2/install/nav2_navfn_planner:/home/administrator/husky_ws2/install/nav2_core:/home/administrator/husky_ws2/install/costmap_queue:/home/administrator/husky_ws2/install/nav2_costmap_2d:/home/administrator/husky_ws2/install/nav2_voxel_grid:/home/administrator/husky_ws2/install/nav2_rviz_plugins:/home/administrator/husky_ws2/install/nav2_map_server:/home/administrator/husky_ws2/install/nav2_lifecycle_manager:/home/administrator/husky_ws2/install/nav2_bt_navigator:/home/administrator/husky_ws2/install/nav2_behavior_tree:/home/administrator/husky_ws2/install/nav2_amcl:/home/administrator/husky_ws2/install/nav2_util:/home/administrator/husky_ws2/install/nav2_msgs:/home/administrator/husky_ws2/install/nav2_common:/home/administrator/husky_ws2/install/microstrain_inertial_examples:/home/administrator/husky_ws2/install/microstrain_inertial_driver:/home/administrator/husky_ws2/install/microstrain_inertial_msgs:/home/administrator/husky_ws2/install/local_nav_pkg:/home/administrator/husky_ws2/install/image_common:/home/administrator/husky_ws2/install/image_transport:/home/administrator/husky_ws2/install/husky_base:/home/administrator/husky_ws2/install/husky_msgs:/home/administrator/husky_ws2/install/hector_gazebo:/home/administrator/husky_ws2/install/hector_gazebo_worlds:/home/administrator/husky_ws2/install/hector_gazebo_plugins:/home/administrator/husky_ws2/install/custom_nav_stack_pkg:/home/administrator/husky_ws2/install/camera_info_manager:/home/administrator/husky_ws2/install/camera_calibration_parsers:/home/administrator/richo_theta_ws/install/penguin_detection:/home/administrator/husky_ws2/install/nav2_gazebo_spawner:/home/administrator/husky_ws2/install/microstrain_inertial_rqt:/home/administrator/husky_ws2/install/gps_goal:/opt/ros/foxy:/opt/ros/noetic LD_LIBRARY_PATH=/home/administrator/husky_ws2/src/install/rosbag2_storage/lib:${LD_LIBRARY_PATH} /usr/bin/cmake --build /home/administrator/husky_ws2/src/build/rosbag2_cpp -- -j8 -l8
