/usr/bin/ld: /opt/ros/foxy/lib/libtest_msgs__rosidl_generator_c.so: undefined reference to `rosidl_runtime_c__uint32__Sequence__copy'
/usr/bin/ld: /opt/ros/foxy/lib/libtest_msgs__rosidl_generator_c.so: undefined reference to `rosidl_runtime_c__U16String__Sequence__copy'
/usr/bin/ld: /opt/ros/foxy/lib/libtest_msgs__rosidl_generator_c.so: undefined reference to `rosidl_runtime_c__octet__Sequence__copy'
/usr/bin/ld: /opt/ros/foxy/lib/libtest_msgs__rosidl_generator_c.so: undefined reference to `rosidl_runtime_c__uint64__Sequence__copy'
/usr/bin/ld: /opt/ros/foxy/lib/libtest_msgs__rosidl_generator_c.so: undefined reference to `builtin_interfaces__msg__Duration__copy'
/usr/bin/ld: /opt/ros/foxy/lib/libtest_msgs__rosidl_generator_c.so: undefined reference to `builtin_interfaces__msg__Time__are_equal'
/usr/bin/ld: /opt/ros/foxy/lib/libtest_msgs__rosidl_generator_c.so: undefined reference to `rosidl_runtime_c__uint8__Sequence__are_equal'
/usr/bin/ld: /opt/ros/foxy/lib/libtest_msgs__rosidl_generator_c.so: undefined reference to `rosidl_runtime_c__boolean__Sequence__are_equal'
/usr/bin/ld: /opt/ros/foxy/lib/libtest_msgs__rosidl_generator_c.so: undefined reference to `rosidl_runtime_c__int64__Sequence__copy'
/usr/bin/ld: /opt/ros/foxy/lib/libtest_msgs__rosidl_generator_c.so: undefined reference to `unique_identifier_msgs__msg__UUID__are_equal'
/usr/bin/ld: /opt/ros/foxy/lib/libtest_msgs__rosidl_generator_c.so: undefined reference to `unique_identifier_msgs__msg__UUID__copy'
/usr/bin/ld: /opt/ros/foxy/lib/libtest_msgs__rosidl_generator_c.so: undefined reference to `rosidl_runtime_c__float__Sequence__copy'
/usr/bin/ld: /opt/ros/foxy/lib/libtest_msgs__rosidl_generator_c.so: undefined reference to `rosidl_runtime_c__String__are_equal'
/usr/bin/ld: /opt/ros/foxy/lib/libtest_msgs__rosidl_generator_c.so: undefined reference to `rosidl_runtime_c__double__Sequence__are_equal'
/usr/bin/ld: /opt/ros/foxy/lib/libtest_msgs__rosidl_generator_c.so: undefined reference to `rosidl_runtime_c__String__Sequence__are_equal'
/usr/bin/ld: /opt/ros/foxy/lib/libtest_msgs__rosidl_generator_c.so: undefined reference to `builtin_interfaces__msg__Duration__are_equal'
/usr/bin/ld: /opt/ros/foxy/lib/libtest_msgs__rosidl_generator_c.so: undefined reference to `rosidl_runtime_c__int8__Sequence__are_equal'
/usr/bin/ld: /opt/ros/foxy/lib/libtest_msgs__rosidl_generator_c.so: undefined reference to `rosidl_runtime_c__int16__Sequence__are_equal'
/usr/bin/ld: /opt/ros/foxy/lib/libtest_msgs__rosidl_generator_c.so: undefined reference to `rosidl_runtime_c__uint16__Sequence__copy'
/usr/bin/ld: /opt/ros/foxy/lib/libtest_msgs__rosidl_generator_c.so: undefined reference to `rosidl_runtime_c__int8__Sequence__copy'
/usr/bin/ld: /opt/ros/foxy/lib/libtest_msgs__rosidl_generator_c.so: undefined reference to `rosidl_runtime_c__String__Sequence__copy'
/usr/bin/ld: /opt/ros/foxy/lib/libtest_msgs__rosidl_generator_c.so: undefined reference to `rosidl_runtime_c__float__Sequence__are_equal'
/usr/bin/ld: /opt/ros/foxy/lib/libtest_msgs__rosidl_generator_c.so: undefined reference to `rosidl_runtime_c__uint32__Sequence__are_equal'
/usr/bin/ld: /opt/ros/foxy/lib/libtest_msgs__rosidl_generator_c.so: undefined reference to `rosidl_runtime_c__uint16__Sequence__are_equal'
/usr/bin/ld: /opt/ros/foxy/lib/libtest_msgs__rosidl_generator_c.so: undefined reference to `rosidl_runtime_c__uint64__Sequence__are_equal'
/usr/bin/ld: /opt/ros/foxy/lib/libtest_msgs__rosidl_generator_c.so: undefined reference to `rosidl_runtime_c__boolean__Sequence__copy'
/usr/bin/ld: /opt/ros/foxy/lib/libtest_msgs__rosidl_generator_c.so: undefined reference to `rosidl_runtime_c__int16__Sequence__copy'
/usr/bin/ld: /opt/ros/foxy/lib/libtest_msgs__rosidl_generator_c.so: undefined reference to `rosidl_runtime_c__octet__Sequence__are_equal'
/usr/bin/ld: /opt/ros/foxy/lib/libtest_msgs__rosidl_generator_c.so: undefined reference to `rosidl_runtime_c__int64__Sequence__are_equal'
/usr/bin/ld: /opt/ros/foxy/lib/libtest_msgs__rosidl_generator_c.so: undefined reference to `rosidl_runtime_c__int32__Sequence__are_equal'
/usr/bin/ld: /opt/ros/foxy/lib/libtest_msgs__rosidl_generator_c.so: undefined reference to `rosidl_runtime_c__String__copy'
/usr/bin/ld: /opt/ros/foxy/lib/libtest_msgs__rosidl_generator_c.so: undefined reference to `rosidl_runtime_c__uint8__Sequence__copy'
/usr/bin/ld: /opt/ros/foxy/lib/libtest_msgs__rosidl_generator_c.so: undefined reference to `rosidl_runtime_c__int32__Sequence__copy'
/usr/bin/ld: /opt/ros/foxy/lib/libtest_msgs__rosidl_generator_c.so: undefined reference to `rosidl_runtime_c__U16String__Sequence__are_equal'
/usr/bin/ld: /opt/ros/foxy/lib/libtest_msgs__rosidl_generator_c.so: undefined reference to `builtin_interfaces__msg__Time__copy'
/usr/bin/ld: /opt/ros/foxy/lib/libtest_msgs__rosidl_generator_c.so: undefined reference to `rosidl_runtime_c__double__Sequence__copy'
/usr/bin/ld: /opt/ros/foxy/lib/libtest_msgs__rosidl_generator_c.so: undefined reference to `rosidl_runtime_c__U16String__copy'
/usr/bin/ld: /opt/ros/foxy/lib/libtest_msgs__rosidl_generator_c.so: undefined reference to `rosidl_runtime_c__U16String__are_equal'
collect2: error: ld returned 1 exit status
make[2]: *** [CMakeFiles/test_ros2_message.dir/build.make:149: test_ros2_message] Error 1
make[1]: *** [CMakeFiles/Makefile2:281: CMakeFiles/test_ros2_message.dir/all] Error 2
make: *** [Makefile:141: all] Error 2
